  stdafx.cpp
  PandoraDemoStrategyTrader.cpp
LINK : warning LNK4098: 默认库“LIBCMTD”与其他库的使用冲突；请使用 /NODEFAULTLIB:library
cwCTPDLL.lib(cwAutoCriticalSection.obj) : warning LNK4099: 未找到 PDB“cwCTPDLL.pdb”(使用“cwCTPDLL.lib(cwAutoCriticalSection.obj)”或在“E:\trade\github\PandoraTrader\Debug\cwCTPDLL.pdb”中寻找)；正在链接对象，如同没有调试信息一样
cwCTPDLL.lib(cwBasicCout.obj) : warning LNK4099: 未找到 PDB“cwCTPDLL.pdb”(使用“cwCTPDLL.lib(cwBasicCout.obj)”或在“E:\trade\github\PandoraTrader\Debug\cwCTPDLL.pdb”中寻找)；正在链接对象，如同没有调试信息一样
cwCTPDLL.lib(cwBasicMdSpi.obj) : warning LNK4099: 未找到 PDB“cwCTPDLL.pdb”(使用“cwCTPDLL.lib(cwBasicMdSpi.obj)”或在“E:\trade\github\PandoraTrader\Debug\cwCTPDLL.pdb”中寻找)；正在链接对象，如同没有调试信息一样
cwCTPDLL.lib(cwBasicStrategy.obj) : warning LNK4099: 未找到 PDB“cwCTPDLL.pdb”(使用“cwCTPDLL.lib(cwBasicStrategy.obj)”或在“E:\trade\github\PandoraTrader\Debug\cwCTPDLL.pdb”中寻找)；正在链接对象，如同没有调试信息一样
cwCTPDLL.lib(cwBasicTradeSpi.obj) : warning LNK4099: 未找到 PDB“cwCTPDLL.pdb”(使用“cwCTPDLL.lib(cwBasicTradeSpi.obj)”或在“E:\trade\github\PandoraTrader\Debug\cwCTPDLL.pdb”中寻找)；正在链接对象，如同没有调试信息一样
cwCTPDLL.lib(cwCriticalSection.obj) : warning LNK4099: 未找到 PDB“cwCTPDLL.pdb”(使用“cwCTPDLL.lib(cwCriticalSection.obj)”或在“E:\trade\github\PandoraTrader\Debug\cwCTPDLL.pdb”中寻找)；正在链接对象，如同没有调试信息一样
cwCTPDLL.lib(cwFtdMdSpi.obj) : warning LNK4099: 未找到 PDB“cwCTPDLL.pdb”(使用“cwCTPDLL.lib(cwFtdMdSpi.obj)”或在“E:\trade\github\PandoraTrader\Debug\cwCTPDLL.pdb”中寻找)；正在链接对象，如同没有调试信息一样
cwCTPDLL.lib(cwFtdTradeSpi.obj) : warning LNK4099: 未找到 PDB“cwCTPDLL.pdb”(使用“cwCTPDLL.lib(cwFtdTradeSpi.obj)”或在“E:\trade\github\PandoraTrader\Debug\cwCTPDLL.pdb”中寻找)；正在链接对象，如同没有调试信息一样
cwCTPDLL.lib(cwInterfaceDefine.obj) : warning LNK4099: 未找到 PDB“cwCTPDLL.pdb”(使用“cwCTPDLL.lib(cwInterfaceDefine.obj)”或在“E:\trade\github\PandoraTrader\Debug\cwCTPDLL.pdb”中寻找)；正在链接对象，如同没有调试信息一样
cwCTPDLL.lib(cwLog.obj) : warning LNK4099: 未找到 PDB“cwCTPDLL.pdb”(使用“cwCTPDLL.lib(cwLog.obj)”或在“E:\trade\github\PandoraTrader\Debug\cwCTPDLL.pdb”中寻找)；正在链接对象，如同没有调试信息一样
cwCTPDLL.lib(cwMarketTime.obj) : warning LNK4099: 未找到 PDB“cwCTPDLL.pdb”(使用“cwCTPDLL.lib(cwMarketTime.obj)”或在“E:\trade\github\PandoraTrader\Debug\cwCTPDLL.pdb”中寻找)；正在链接对象，如同没有调试信息一样
cwCTPDLL.lib(cwOrderReference.obj) : warning LNK4099: 未找到 PDB“cwCTPDLL.pdb”(使用“cwCTPDLL.lib(cwOrderReference.obj)”或在“E:\trade\github\PandoraTrader\Debug\cwCTPDLL.pdb”中寻找)；正在链接对象，如同没有调试信息一样
cwCTPDLL.lib(cwProductTradeTime.obj) : warning LNK4099: 未找到 PDB“cwCTPDLL.pdb”(使用“cwCTPDLL.lib(cwProductTradeTime.obj)”或在“E:\trade\github\PandoraTrader\Debug\cwCTPDLL.pdb”中寻找)；正在链接对象，如同没有调试信息一样
cwCTPDLL.lib(cwStrategyLog.obj) : warning LNK4099: 未找到 PDB“cwCTPDLL.pdb”(使用“cwCTPDLL.lib(cwStrategyLog.obj)”或在“E:\trade\github\PandoraTrader\Debug\cwCTPDLL.pdb”中寻找)；正在链接对象，如同没有调试信息一样
cwCTPDLL.lib(cwTradeCommonDefine.obj) : warning LNK4099: 未找到 PDB“cwCTPDLL.pdb”(使用“cwCTPDLL.lib(cwTradeCommonDefine.obj)”或在“E:\trade\github\PandoraTrader\Debug\cwCTPDLL.pdb”中寻找)；正在链接对象，如同没有调试信息一样
cwCTPDLL.lib(cwTradeLog.obj) : warning LNK4099: 未找到 PDB“cwCTPDLL.pdb”(使用“cwCTPDLL.lib(cwTradeLog.obj)”或在“E:\trade\github\PandoraTrader\Debug\cwCTPDLL.pdb”中寻找)；正在链接对象，如同没有调试信息一样
tinyxml.lib(tinystr.obj) : warning LNK4099: 未找到 PDB“tinyxml.pdb”(使用“tinyxml.lib(tinystr.obj)”或在“E:\trade\github\PandoraTrader\Debug\tinyxml.pdb”中寻找)；正在链接对象，如同没有调试信息一样
tinyxml.lib(tinyxml.obj) : warning LNK4099: 未找到 PDB“tinyxml.pdb”(使用“tinyxml.lib(tinyxml.obj)”或在“E:\trade\github\PandoraTrader\Debug\tinyxml.pdb”中寻找)；正在链接对象，如同没有调试信息一样
tinyxml.lib(tinyxmlerror.obj) : warning LNK4099: 未找到 PDB“tinyxml.pdb”(使用“tinyxml.lib(tinyxmlerror.obj)”或在“E:\trade\github\PandoraTrader\Debug\tinyxml.pdb”中寻找)；正在链接对象，如同没有调试信息一样
tinyxml.lib(tinyxmlparser.obj) : warning LNK4099: 未找到 PDB“tinyxml.pdb”(使用“tinyxml.lib(tinyxmlparser.obj)”或在“E:\trade\github\PandoraTrader\Debug\tinyxml.pdb”中寻找)；正在链接对象，如同没有调试信息一样
  PandoraTrader.vcxproj -> E:\trade\github\PandoraTrader\Debug\PandoraTrader.exe
  PandoraTrader.vcxproj -> E:\trade\github\PandoraTrader\Debug\PandoraTrader.pdb (Full PDB)
  请在PandoraTraderConfig.xml配置账户等信息！
  ..\Interface\CTPTradeApi32\thostmduserapi_se.dll
  ..\Interface\CTPTradeApi32\thosttraderapi_se.dll
  已复制         2 个文件。
